<?xml version="1.0" encoding="UTF-8"?>
<!-- Generated by org.testng.reporters.JUnitXMLReporter -->
<testsuite hostname="LAPTOP-MSM0QL0U" ignored="1" name="Default test" tests="1" failures="0" timestamp="2020-08-24T17:03:28 IST" time="0.065" errors="0">
  <testcase name="second" time="0.034" classname="qaclickacadamy.Mavanjava.MobileTest"/>
  <testcase name="first" time="0.0" classname="qaclickacadamy.Mavanjava.MobileTest">
    <ignored/>
  </testcase> <!-- first -->
</testsuite> <!-- Default test -->
