<?xml version="1.0" encoding="UTF-8"?>
<!-- Generated by org.testng.reporters.JUnitXMLReporter -->
<testsuite hostname="LAPTOP-MSM0QL0U" ignored="0" name="Command line test" tests="6" failures="0" timestamp="2020-09-02T10:59:08 IST" time="0.047" errors="0">
  <testcase name="first" time="0.003" classname="qaclickacadamy.Mavanjava.ApiTest"/>
  <testcase name="second" time="0.0" classname="qaclickacadamy.Mavanjava.ApiTest"/>
  <testcase name="first" time="0.0" classname="qaclickacadamy.Mavanjava.MobileTest"/>
  <testcase name="second" time="0.0" classname="qaclickacadamy.Mavanjava.MobileTest"/>
  <testcase name="first" time="0.001" classname="qaclickacadamy.Mavanjava.seliniumTest"/>
  <testcase name="second" time="0.0" classname="qaclickacadamy.Mavanjava.seliniumTest"/>
</testsuite> <!-- Command line test -->
