<?xml version="1.0" encoding="UTF-8"?>
<!-- Generated by org.testng.reporters.JUnitXMLReporter -->
<testsuite hostname="LAPTOP-MSM0QL0U" ignored="0" name="Test" tests="4" failures="0" timestamp="2020-08-25T10:24:16 IST" time="0.042" errors="0">
  <testcase name="first" time="0.005" classname="qaclickacadamy.Mavanjava.MobileTest"/>
  <testcase name="second" time="0.0" classname="qaclickacadamy.Mavanjava.MobileTest"/>
  <testcase name="first" time="0.0" classname="qaclickacadamy.Mavanjava.seliniumTest"/>
  <testcase name="second" time="0.0" classname="qaclickacadamy.Mavanjava.seliniumTest"/>
</testsuite> <!-- Test -->
