<?xml version="1.0" encoding="UTF-8"?>
<testng-results skipped="0" failed="0" ignored="0" total="6" passed="6">
  <reporter-output>
  </reporter-output>
  <suite name="Command line suite" duration-ms="47" started-at="2020-09-02T10:59:08 IST" finished-at="2020-09-02T10:59:08 IST">
    <groups>
    </groups>
    <test name="Command line test" duration-ms="47" started-at="2020-09-02T10:59:08 IST" finished-at="2020-09-02T10:59:08 IST">
      <class name="qaclickacadamy.Mavanjava.seliniumTest">
        <test-method status="PASS" signature="first()[pri:0, instance:qaclickacadamy.Mavanjava.seliniumTest@685cb137]" name="first" duration-ms="1" started-at="2020-09-02T10:59:08 IST" finished-at="2020-09-02T10:59:08 IST">
          <reporter-output>
          </reporter-output>
        </test-method> <!-- first -->
        <test-method status="PASS" signature="second()[pri:0, instance:qaclickacadamy.Mavanjava.seliniumTest@685cb137]" name="second" duration-ms="0" started-at="2020-09-02T10:59:08 IST" finished-at="2020-09-02T10:59:08 IST">
          <reporter-output>
          </reporter-output>
        </test-method> <!-- second -->
      </class> <!-- qaclickacadamy.Mavanjava.seliniumTest -->
      <class name="qaclickacadamy.Mavanjava.MobileTest">
        <test-method status="PASS" signature="first()[pri:0, instance:qaclickacadamy.Mavanjava.MobileTest@6a4f787b]" name="first" duration-ms="0" started-at="2020-09-02T10:59:08 IST" finished-at="2020-09-02T10:59:08 IST">
          <reporter-output>
          </reporter-output>
        </test-method> <!-- first -->
        <test-method status="PASS" signature="second()[pri:0, instance:qaclickacadamy.Mavanjava.MobileTest@6a4f787b]" name="second" duration-ms="0" started-at="2020-09-02T10:59:08 IST" finished-at="2020-09-02T10:59:08 IST">
          <reporter-output>
          </reporter-output>
        </test-method> <!-- second -->
      </class> <!-- qaclickacadamy.Mavanjava.MobileTest -->
      <class name="qaclickacadamy.Mavanjava.ApiTest">
        <test-method status="PASS" signature="first()[pri:0, instance:qaclickacadamy.Mavanjava.ApiTest@604ed9f0]" name="first" duration-ms="3" started-at="2020-09-02T10:59:08 IST" finished-at="2020-09-02T10:59:08 IST">
          <reporter-output>
          </reporter-output>
        </test-method> <!-- first -->
        <test-method status="PASS" signature="second()[pri:0, instance:qaclickacadamy.Mavanjava.ApiTest@604ed9f0]" name="second" duration-ms="0" started-at="2020-09-02T10:59:08 IST" finished-at="2020-09-02T10:59:08 IST">
          <reporter-output>
          </reporter-output>
        </test-method> <!-- second -->
      </class> <!-- qaclickacadamy.Mavanjava.ApiTest -->
    </test> <!-- Command line test -->
  </suite> <!-- Command line suite -->
</testng-results>
