<?xml version="1.0" encoding="UTF-8"?>
<testng-results skipped="0" failed="0" ignored="1" total="2" passed="1">
  <reporter-output>
  </reporter-output>
  <suite name="Default suite" duration-ms="65" started-at="2020-08-24T17:03:28 IST" finished-at="2020-08-24T17:03:28 IST">
    <groups>
    </groups>
    <test name="Default test" duration-ms="65" started-at="2020-08-24T17:03:28 IST" finished-at="2020-08-24T17:03:28 IST">
      <class name="qaclickacadamy.Mavanjava.MobileTest">
        <test-method status="PASS" signature="second()[pri:0, instance:qaclickacadamy.Mavanjava.MobileTest@1f28c152]" name="second" duration-ms="34" started-at="2020-08-24T17:03:28 IST" finished-at="2020-08-24T17:03:28 IST">
          <reporter-output>
          </reporter-output>
        </test-method> <!-- second -->
      </class> <!-- qaclickacadamy.Mavanjava.MobileTest -->
    </test> <!-- Default test -->
  </suite> <!-- Default suite -->
</testng-results>
